\BOOKMARK [0][-]{chapter.1}{\376\377\0001\000\040\000K\000l\000a\000s\000s\000e\000n\000-\000V\000e\000r\000z\000e\000i\000c\000h\000n\000i\000s}{}% 1
\BOOKMARK [1][-]{section.1.1}{\376\377\0001\000.\0001\000\040\000A\000u\000f\000l\000i\000s\000t\000u\000n\000g\000\040\000d\000e\000r\000\040\000K\000l\000a\000s\000s\000e\000n}{chapter.1}% 2
\BOOKMARK [0][-]{chapter.2}{\376\377\0002\000\040\000K\000l\000a\000s\000s\000e\000n\000-\000D\000o\000k\000u\000m\000e\000n\000t\000a\000t\000i\000o\000n}{}% 3
\BOOKMARK [1][-]{section.2.1}{\376\377\0002\000.\0001\000\040\000A\000u\000d\000i\000o\000S\000e\000n\000s\000o\000r\000\040\000K\000l\000a\000s\000s\000e\000n\000r\000e\000f\000e\000r\000e\000n\000z}{chapter.2}% 4
\BOOKMARK [2][-]{subsection.2.1.1}{\376\377\0002\000.\0001\000.\0001\000\040\000A\000u\000s\000f\000\374\000h\000r\000l\000i\000c\000h\000e\000\040\000B\000e\000s\000c\000h\000r\000e\000i\000b\000u\000n\000g}{section.2.1}% 5
\BOOKMARK [2][-]{subsection.2.1.2}{\376\377\0002\000.\0001\000.\0002\000\040\000B\000e\000s\000c\000h\000r\000e\000i\000b\000u\000n\000g\000\040\000d\000e\000r\000\040\000K\000o\000n\000s\000t\000r\000u\000k\000t\000o\000r\000e\000n\000\040\000u\000n\000d\000\040\000D\000e\000s\000t\000r\000u\000k\000t\000o\000r\000e\000n}{section.2.1}% 6
\BOOKMARK [3][-]{subsubsection.2.1.2.1}{\376\377\0002\000.\0001\000.\0002\000.\0001\000\040\000A\000u\000d\000i\000o\000S\000e\000n\000s\000o\000r\000\050\000u\000n\000s\000i\000g\000n\000e\000d\000\040\000d\000i\000g\000\137\000p\000i\000n\000,\000\040\000u\000n\000s\000i\000g\000n\000e\000d\000\040\000a\000n\000a\000\137\000p\000i\000n\000=\0000\000\051}{subsection.2.1.2}% 7
\BOOKMARK [2][-]{subsection.2.1.3}{\376\377\0002\000.\0001\000.\0003\000\040\000D\000o\000k\000u\000m\000e\000n\000t\000a\000t\000i\000o\000n\000\040\000d\000e\000r\000\040\000E\000l\000e\000m\000e\000n\000t\000f\000u\000n\000k\000t\000i\000o\000n\000e\000n}{section.2.1}% 8
\BOOKMARK [3][-]{subsubsection.2.1.3.1}{\376\377\0002\000.\0001\000.\0003\000.\0001\000\040\000a\000u\000s\000s\000c\000h\000a\000l\000t\000e\000n\000\050\000\051}{subsection.2.1.3}% 9
\BOOKMARK [3][-]{subsubsection.2.1.3.2}{\376\377\0002\000.\0001\000.\0003\000.\0002\000\040\000e\000i\000n\000s\000c\000h\000a\000l\000t\000e\000n\000\050\000\051}{subsection.2.1.3}% 10
\BOOKMARK [3][-]{subsubsection.2.1.3.3}{\376\377\0002\000.\0001\000.\0003\000.\0003\000\040\000l\000a\000u\000t\000\050\000\051}{subsection.2.1.3}% 11
\BOOKMARK [3][-]{subsubsection.2.1.3.4}{\376\377\0002\000.\0001\000.\0003\000.\0004\000\040\000m\000i\000s\000s\000L\000a\000u\000t\000s\000t\000a\000e\000r\000k\000e\000\050\000\051}{subsection.2.1.3}% 12
\BOOKMARK [1][-]{section.2.2}{\376\377\0002\000.\0002\000\040\000D\000i\000s\000p\000l\000a\000y\000\040\000K\000l\000a\000s\000s\000e\000n\000r\000e\000f\000e\000r\000e\000n\000z}{chapter.2}% 13
\BOOKMARK [2][-]{subsection.2.2.1}{\376\377\0002\000.\0002\000.\0001\000\040\000A\000u\000s\000f\000\374\000h\000r\000l\000i\000c\000h\000e\000\040\000B\000e\000s\000c\000h\000r\000e\000i\000b\000u\000n\000g}{section.2.2}% 14
\BOOKMARK [2][-]{subsection.2.2.2}{\376\377\0002\000.\0002\000.\0002\000\040\000B\000e\000s\000c\000h\000r\000e\000i\000b\000u\000n\000g\000\040\000d\000e\000r\000\040\000K\000o\000n\000s\000t\000r\000u\000k\000t\000o\000r\000e\000n\000\040\000u\000n\000d\000\040\000D\000e\000s\000t\000r\000u\000k\000t\000o\000r\000e\000n}{section.2.2}% 15
\BOOKMARK [3][-]{subsubsection.2.2.2.1}{\376\377\0002\000.\0002\000.\0002\000.\0001\000\040\000D\000i\000s\000p\000l\000a\000y\000\050\000\051}{subsection.2.2.2}% 16
\BOOKMARK [2][-]{subsection.2.2.3}{\376\377\0002\000.\0002\000.\0003\000\040\000D\000o\000k\000u\000m\000e\000n\000t\000a\000t\000i\000o\000n\000\040\000d\000e\000r\000\040\000E\000l\000e\000m\000e\000n\000t\000f\000u\000n\000k\000t\000i\000o\000n\000e\000n}{section.2.2}% 17
\BOOKMARK [3][-]{subsubsection.2.2.3.1}{\376\377\0002\000.\0002\000.\0003\000.\0001\000\040\000g\000e\000h\000e\000E\000r\000s\000t\000e\000Z\000e\000i\000l\000e\000\050\000\051}{subsection.2.2.3}% 18
\BOOKMARK [3][-]{subsubsection.2.2.3.2}{\376\377\0002\000.\0002\000.\0003\000.\0002\000\040\000g\000e\000h\000e\000P\000o\000s\000i\000t\000i\000o\000n\000\050\000u\000n\000s\000i\000g\000n\000e\000d\000\040\000z\000e\000i\000l\000e\000,\000\040\000u\000n\000s\000i\000g\000n\000e\000d\000\040\000p\000o\000s\000i\000t\000i\000o\000n\000\051}{subsection.2.2.3}% 19
\BOOKMARK [3][-]{subsubsection.2.2.3.3}{\376\377\0002\000.\0002\000.\0003\000.\0003\000\040\000g\000e\000h\000e\000Z\000w\000e\000i\000t\000e\000Z\000e\000i\000l\000e\000\050\000\051}{subsection.2.2.3}% 20
\BOOKMARK [3][-]{subsubsection.2.2.3.4}{\376\377\0002\000.\0002\000.\0003\000.\0004\000\040\000i\000n\000i\000t\000i\000a\000l\000i\000s\000i\000e\000r\000e\000\050\000\051}{subsection.2.2.3}% 21
\BOOKMARK [3][-]{subsubsection.2.2.3.5}{\376\377\0002\000.\0002\000.\0003\000.\0005\000\040\000l\000o\000e\000s\000c\000h\000e\000T\000e\000x\000t\000\050\000\051}{subsection.2.2.3}% 22
\BOOKMARK [3][-]{subsubsection.2.2.3.6}{\376\377\0002\000.\0002\000.\0003\000.\0006\000\040\000s\000c\000h\000r\000e\000i\000b\000e\000T\000e\000x\000t\000\050\000c\000o\000n\000s\000t\000\040\000c\000h\000a\000r\000\040\000t\000e\000x\000t\000[\000]\000\051}{subsection.2.2.3}% 23
\BOOKMARK [3][-]{subsubsection.2.2.3.7}{\376\377\0002\000.\0002\000.\0003\000.\0007\000\040\000s\000c\000h\000r\000e\000i\000b\000e\000T\000e\000x\000t\000\050\000i\000n\000t\000\040\000n\000u\000m\000\051}{subsection.2.2.3}% 24
\BOOKMARK [3][-]{subsubsection.2.2.3.8}{\376\377\0002\000.\0002\000.\0003\000.\0008\000\040\000s\000c\000h\000r\000e\000i\000b\000e\000T\000e\000x\000t\000\050\000f\000l\000o\000a\000t\000\040\000n\000u\000m\000,\000\040\000i\000n\000t\000\040\000d\000e\000c\000=\0001\000\051}{subsection.2.2.3}% 25
\BOOKMARK [1][-]{section.2.3}{\376\377\0002\000.\0003\000\040\000F\000u\000e\000l\000l\000s\000t\000a\000n\000d\000s\000S\000e\000n\000s\000o\000r\000\040\000K\000l\000a\000s\000s\000e\000n\000r\000e\000f\000e\000r\000e\000n\000z}{chapter.2}% 26
\BOOKMARK [2][-]{subsection.2.3.1}{\376\377\0002\000.\0003\000.\0001\000\040\000A\000u\000s\000f\000\374\000h\000r\000l\000i\000c\000h\000e\000\040\000B\000e\000s\000c\000h\000r\000e\000i\000b\000u\000n\000g}{section.2.3}% 27
\BOOKMARK [2][-]{subsection.2.3.2}{\376\377\0002\000.\0003\000.\0002\000\040\000B\000e\000s\000c\000h\000r\000e\000i\000b\000u\000n\000g\000\040\000d\000e\000r\000\040\000K\000o\000n\000s\000t\000r\000u\000k\000t\000o\000r\000e\000n\000\040\000u\000n\000d\000\040\000D\000e\000s\000t\000r\000u\000k\000t\000o\000r\000e\000n}{section.2.3}% 28
\BOOKMARK [3][-]{subsubsection.2.3.2.1}{\376\377\0002\000.\0003\000.\0002\000.\0001\000\040\000F\000u\000e\000l\000l\000s\000t\000a\000n\000d\000s\000S\000e\000n\000s\000o\000r\000\050\000u\000n\000s\000i\000g\000n\000e\000d\000\040\000p\000i\000n\000\051}{subsection.2.3.2}% 29
\BOOKMARK [2][-]{subsection.2.3.3}{\376\377\0002\000.\0003\000.\0003\000\040\000D\000o\000k\000u\000m\000e\000n\000t\000a\000t\000i\000o\000n\000\040\000d\000e\000r\000\040\000E\000l\000e\000m\000e\000n\000t\000f\000u\000n\000k\000t\000i\000o\000n\000e\000n}{section.2.3}% 30
\BOOKMARK [3][-]{subsubsection.2.3.3.1}{\376\377\0002\000.\0003\000.\0003\000.\0001\000\040\000m\000i\000s\000s\000F\000u\000e\000l\000l\000s\000t\000a\000n\000d\000\050\000\051}{subsection.2.3.3}% 31
\BOOKMARK [3][-]{subsubsection.2.3.3.2}{\376\377\0002\000.\0003\000.\0003\000.\0002\000\040\000m\000i\000s\000s\000F\000u\000e\000l\000l\000s\000t\000a\000n\000d\000R\000a\000w\000\050\000\051}{subsection.2.3.3}% 32
\BOOKMARK [1][-]{section.2.4}{\376\377\0002\000.\0004\000\040\000H\000e\000l\000l\000i\000g\000k\000e\000i\000t\000s\000S\000e\000n\000s\000o\000r\000\040\000K\000l\000a\000s\000s\000e\000n\000r\000e\000f\000e\000r\000e\000n\000z}{chapter.2}% 33
\BOOKMARK [2][-]{subsection.2.4.1}{\376\377\0002\000.\0004\000.\0001\000\040\000A\000u\000s\000f\000\374\000h\000r\000l\000i\000c\000h\000e\000\040\000B\000e\000s\000c\000h\000r\000e\000i\000b\000u\000n\000g}{section.2.4}% 34
\BOOKMARK [2][-]{subsection.2.4.2}{\376\377\0002\000.\0004\000.\0002\000\040\000B\000e\000s\000c\000h\000r\000e\000i\000b\000u\000n\000g\000\040\000d\000e\000r\000\040\000K\000o\000n\000s\000t\000r\000u\000k\000t\000o\000r\000e\000n\000\040\000u\000n\000d\000\040\000D\000e\000s\000t\000r\000u\000k\000t\000o\000r\000e\000n}{section.2.4}% 35
\BOOKMARK [3][-]{subsubsection.2.4.2.1}{\376\377\0002\000.\0004\000.\0002\000.\0001\000\040\000H\000e\000l\000l\000i\000g\000k\000e\000i\000t\000s\000S\000e\000n\000s\000o\000r\000\050\000u\000n\000s\000i\000g\000n\000e\000d\000\040\000p\000i\000n\000\051}{subsection.2.4.2}% 36
\BOOKMARK [2][-]{subsection.2.4.3}{\376\377\0002\000.\0004\000.\0003\000\040\000D\000o\000k\000u\000m\000e\000n\000t\000a\000t\000i\000o\000n\000\040\000d\000e\000r\000\040\000E\000l\000e\000m\000e\000n\000t\000f\000u\000n\000k\000t\000i\000o\000n\000e\000n}{section.2.4}% 37
\BOOKMARK [3][-]{subsubsection.2.4.3.1}{\376\377\0002\000.\0004\000.\0003\000.\0001\000\040\000m\000i\000s\000s\000H\000e\000l\000l\000i\000g\000k\000e\000i\000t\000\050\000\051}{subsection.2.4.3}% 38
\BOOKMARK [3][-]{subsubsection.2.4.3.2}{\376\377\0002\000.\0004\000.\0003\000.\0002\000\040\000m\000i\000s\000s\000H\000e\000l\000l\000i\000g\000k\000e\000i\000t\000R\000a\000w\000\050\000\051}{subsection.2.4.3}% 39
\BOOKMARK [1][-]{section.2.5}{\376\377\0002\000.\0005\000\040\000K\000a\000b\000e\000l\000\040\000K\000l\000a\000s\000s\000e\000n\000r\000e\000f\000e\000r\000e\000n\000z}{chapter.2}% 40
\BOOKMARK [2][-]{subsection.2.5.1}{\376\377\0002\000.\0005\000.\0001\000\040\000A\000u\000s\000f\000\374\000h\000r\000l\000i\000c\000h\000e\000\040\000B\000e\000s\000c\000h\000r\000e\000i\000b\000u\000n\000g}{section.2.5}% 41
\BOOKMARK [2][-]{subsection.2.5.2}{\376\377\0002\000.\0005\000.\0002\000\040\000B\000e\000s\000c\000h\000r\000e\000i\000b\000u\000n\000g\000\040\000d\000e\000r\000\040\000K\000o\000n\000s\000t\000r\000u\000k\000t\000o\000r\000e\000n\000\040\000u\000n\000d\000\040\000D\000e\000s\000t\000r\000u\000k\000t\000o\000r\000e\000n}{section.2.5}% 42
\BOOKMARK [3][-]{subsubsection.2.5.2.1}{\376\377\0002\000.\0005\000.\0002\000.\0001\000\040\000K\000a\000b\000e\000l\000\050\000u\000n\000s\000i\000g\000n\000e\000d\000\040\000p\000i\000n\000\051}{subsection.2.5.2}% 43
\BOOKMARK [2][-]{subsection.2.5.3}{\376\377\0002\000.\0005\000.\0003\000\040\000D\000o\000k\000u\000m\000e\000n\000t\000a\000t\000i\000o\000n\000\040\000d\000e\000r\000\040\000E\000l\000e\000m\000e\000n\000t\000f\000u\000n\000k\000t\000i\000o\000n\000e\000n}{section.2.5}% 44
\BOOKMARK [3][-]{subsubsection.2.5.3.1}{\376\377\0002\000.\0005\000.\0003\000.\0001\000\040\000s\000c\000h\000a\000l\000t\000k\000r\000e\000i\000s\000G\000e\000o\000e\000f\000f\000n\000e\000t\000\050\000\051}{subsection.2.5.3}% 45
\BOOKMARK [3][-]{subsubsection.2.5.3.2}{\376\377\0002\000.\0005\000.\0003\000.\0002\000\040\000s\000c\000h\000a\000l\000t\000k\000r\000e\000i\000s\000G\000e\000s\000c\000h\000l\000o\000s\000s\000e\000n\000\050\000\051}{subsection.2.5.3}% 46
\BOOKMARK [1][-]{section.2.6}{\376\377\0002\000.\0006\000\040\000L\000a\000u\000t\000s\000p\000r\000e\000c\000h\000e\000r\000\040\000K\000l\000a\000s\000s\000e\000n\000r\000e\000f\000e\000r\000e\000n\000z}{chapter.2}% 47
\BOOKMARK [2][-]{subsection.2.6.1}{\376\377\0002\000.\0006\000.\0001\000\040\000A\000u\000s\000f\000\374\000h\000r\000l\000i\000c\000h\000e\000\040\000B\000e\000s\000c\000h\000r\000e\000i\000b\000u\000n\000g}{section.2.6}% 48
\BOOKMARK [2][-]{subsection.2.6.2}{\376\377\0002\000.\0006\000.\0002\000\040\000B\000e\000s\000c\000h\000r\000e\000i\000b\000u\000n\000g\000\040\000d\000e\000r\000\040\000K\000o\000n\000s\000t\000r\000u\000k\000t\000o\000r\000e\000n\000\040\000u\000n\000d\000\040\000D\000e\000s\000t\000r\000u\000k\000t\000o\000r\000e\000n}{section.2.6}% 49
\BOOKMARK [3][-]{subsubsection.2.6.2.1}{\376\377\0002\000.\0006\000.\0002\000.\0001\000\040\000L\000a\000u\000t\000s\000p\000r\000e\000c\000h\000e\000r\000\050\000u\000n\000s\000i\000g\000n\000e\000d\000\040\000p\000i\000n\000\051}{subsection.2.6.2}% 50
\BOOKMARK [2][-]{subsection.2.6.3}{\376\377\0002\000.\0006\000.\0003\000\040\000D\000o\000k\000u\000m\000e\000n\000t\000a\000t\000i\000o\000n\000\040\000d\000e\000r\000\040\000E\000l\000e\000m\000e\000n\000t\000f\000u\000n\000k\000t\000i\000o\000n\000e\000n}{section.2.6}% 51
\BOOKMARK [3][-]{subsubsection.2.6.3.1}{\376\377\0002\000.\0006\000.\0003\000.\0001\000\040\000s\000p\000i\000e\000l\000e\000T\000o\000n\000\050\000i\000n\000t\000\040\000f\000r\000e\000q\000u\000e\000n\000z\000,\000\040\000i\000n\000t\000\040\000d\000a\000u\000e\000r\000=\0001\0000\0000\0000\000\051}{subsection.2.6.3}% 52
\BOOKMARK [1][-]{section.2.7}{\376\377\0002\000.\0007\000\040\000L\000E\000D\000\040\000K\000l\000a\000s\000s\000e\000n\000r\000e\000f\000e\000r\000e\000n\000z}{chapter.2}% 53
\BOOKMARK [2][-]{subsection.2.7.1}{\376\377\0002\000.\0007\000.\0001\000\040\000A\000u\000s\000f\000\374\000h\000r\000l\000i\000c\000h\000e\000\040\000B\000e\000s\000c\000h\000r\000e\000i\000b\000u\000n\000g}{section.2.7}% 54
\BOOKMARK [2][-]{subsection.2.7.2}{\376\377\0002\000.\0007\000.\0002\000\040\000B\000e\000s\000c\000h\000r\000e\000i\000b\000u\000n\000g\000\040\000d\000e\000r\000\040\000K\000o\000n\000s\000t\000r\000u\000k\000t\000o\000r\000e\000n\000\040\000u\000n\000d\000\040\000D\000e\000s\000t\000r\000u\000k\000t\000o\000r\000e\000n}{section.2.7}% 55
\BOOKMARK [3][-]{subsubsection.2.7.2.1}{\376\377\0002\000.\0007\000.\0002\000.\0001\000\040\000L\000E\000D\000\050\000u\000n\000s\000i\000g\000n\000e\000d\000\040\000p\000i\000n\000\051}{subsection.2.7.2}% 56
\BOOKMARK [2][-]{subsection.2.7.3}{\376\377\0002\000.\0007\000.\0003\000\040\000D\000o\000k\000u\000m\000e\000n\000t\000a\000t\000i\000o\000n\000\040\000d\000e\000r\000\040\000E\000l\000e\000m\000e\000n\000t\000f\000u\000n\000k\000t\000i\000o\000n\000e\000n}{section.2.7}% 57
\BOOKMARK [3][-]{subsubsection.2.7.3.1}{\376\377\0002\000.\0007\000.\0003\000.\0001\000\040\000a\000u\000s\000s\000c\000h\000a\000l\000t\000e\000n\000\050\000\051}{subsection.2.7.3}% 58
\BOOKMARK [3][-]{subsubsection.2.7.3.2}{\376\377\0002\000.\0007\000.\0003\000.\0002\000\040\000e\000i\000n\000s\000c\000h\000a\000l\000t\000e\000n\000\050\000\051}{subsection.2.7.3}% 59
\BOOKMARK [1][-]{section.2.8}{\376\377\0002\000.\0008\000\040\000T\000a\000s\000t\000e\000r\000\040\000K\000l\000a\000s\000s\000e\000n\000r\000e\000f\000e\000r\000e\000n\000z}{chapter.2}% 60
\BOOKMARK [2][-]{subsection.2.8.1}{\376\377\0002\000.\0008\000.\0001\000\040\000A\000u\000s\000f\000\374\000h\000r\000l\000i\000c\000h\000e\000\040\000B\000e\000s\000c\000h\000r\000e\000i\000b\000u\000n\000g}{section.2.8}% 61
\BOOKMARK [2][-]{subsection.2.8.2}{\376\377\0002\000.\0008\000.\0002\000\040\000B\000e\000s\000c\000h\000r\000e\000i\000b\000u\000n\000g\000\040\000d\000e\000r\000\040\000K\000o\000n\000s\000t\000r\000u\000k\000t\000o\000r\000e\000n\000\040\000u\000n\000d\000\040\000D\000e\000s\000t\000r\000u\000k\000t\000o\000r\000e\000n}{section.2.8}% 62
\BOOKMARK [3][-]{subsubsection.2.8.2.1}{\376\377\0002\000.\0008\000.\0002\000.\0001\000\040\000T\000a\000s\000t\000e\000r\000\050\000u\000n\000s\000i\000g\000n\000e\000d\000\040\000p\000i\000n\000\051}{subsection.2.8.2}% 63
\BOOKMARK [2][-]{subsection.2.8.3}{\376\377\0002\000.\0008\000.\0003\000\040\000D\000o\000k\000u\000m\000e\000n\000t\000a\000t\000i\000o\000n\000\040\000d\000e\000r\000\040\000E\000l\000e\000m\000e\000n\000t\000f\000u\000n\000k\000t\000i\000o\000n\000e\000n}{section.2.8}% 64
\BOOKMARK [3][-]{subsubsection.2.8.3.1}{\376\377\0002\000.\0008\000.\0003\000.\0001\000\040\000l\000o\000e\000s\000c\000h\000e\000M\000a\000r\000k\000i\000e\000r\000u\000n\000g\000\050\000\051}{subsection.2.8.3}% 65
\BOOKMARK [3][-]{subsubsection.2.8.3.2}{\376\377\0002\000.\0008\000.\0003\000.\0002\000\040\000s\000e\000t\000z\000e\000A\000k\000t\000i\000o\000n\000\050\000v\000o\000i\000d\000\050\000*\000f\000u\000n\000k\000t\000i\000o\000n\000\051\000\050\000v\000o\000i\000d\000\051\000\051}{subsection.2.8.3}% 66
\BOOKMARK [3][-]{subsubsection.2.8.3.3}{\376\377\0002\000.\0008\000.\0003\000.\0003\000\040\000w\000u\000r\000d\000e\000G\000e\000d\000r\000u\000e\000c\000k\000t\000\050\000\051}{subsection.2.8.3}% 67
\BOOKMARK [1][-]{section.2.9}{\376\377\0002\000.\0009\000\040\000T\000e\000m\000p\000e\000r\000a\000t\000u\000r\000S\000e\000n\000s\000o\000r\000\040\000K\000l\000a\000s\000s\000e\000n\000r\000e\000f\000e\000r\000e\000n\000z}{chapter.2}% 68
\BOOKMARK [2][-]{subsection.2.9.1}{\376\377\0002\000.\0009\000.\0001\000\040\000A\000u\000s\000f\000\374\000h\000r\000l\000i\000c\000h\000e\000\040\000B\000e\000s\000c\000h\000r\000e\000i\000b\000u\000n\000g}{section.2.9}% 69
\BOOKMARK [2][-]{subsection.2.9.2}{\376\377\0002\000.\0009\000.\0002\000\040\000B\000e\000s\000c\000h\000r\000e\000i\000b\000u\000n\000g\000\040\000d\000e\000r\000\040\000K\000o\000n\000s\000t\000r\000u\000k\000t\000o\000r\000e\000n\000\040\000u\000n\000d\000\040\000D\000e\000s\000t\000r\000u\000k\000t\000o\000r\000e\000n}{section.2.9}% 70
\BOOKMARK [3][-]{subsubsection.2.9.2.1}{\376\377\0002\000.\0009\000.\0002\000.\0001\000\040\000T\000e\000m\000p\000e\000r\000a\000t\000u\000r\000S\000e\000n\000s\000o\000r\000\050\000u\000n\000s\000i\000g\000n\000e\000d\000\040\000p\000i\000n\000\051}{subsection.2.9.2}% 71
\BOOKMARK [2][-]{subsection.2.9.3}{\376\377\0002\000.\0009\000.\0003\000\040\000D\000o\000k\000u\000m\000e\000n\000t\000a\000t\000i\000o\000n\000\040\000d\000e\000r\000\040\000E\000l\000e\000m\000e\000n\000t\000f\000u\000n\000k\000t\000i\000o\000n\000e\000n}{section.2.9}% 72
\BOOKMARK [3][-]{subsubsection.2.9.3.1}{\376\377\0002\000.\0009\000.\0003\000.\0001\000\040\000m\000i\000s\000s\000T\000e\000m\000p\000e\000r\000a\000t\000u\000r\000\050\000\051}{subsection.2.9.3}% 73
\BOOKMARK [0][-]{section*.11}{\376\377\000I\000n\000d\000e\000x}{}% 74
